-- The C compiler identification is GNU 13.3.0
-- The CXX compiler identification is GNU 13.3.0
-- Detecting C compiler ABI info
-- Detecting C compiler ABI info - done
-- Check for working C compiler: /usr/bin/cc - skipped
-- Detecting C compile features
-- Detecting C compile features - done
-- Detecting CXX compiler ABI info
-- Detecting CXX compiler ABI info - done
-- Check for working CXX compiler: /usr/bin/c++ - skipped
-- Detecting CXX compile features
-- Detecting CXX compile features - done
-- Found ament_cmake: 2.5.4 (/opt/ros/jazzy/share/ament_cmake/cmake)
-- Found Python3: /usr/bin/python3 (found version "3.12.3") found components: Interpreter 
-- Found rclpy: 7.1.5 (/opt/ros/jazzy/share/rclpy/cmake)
-- Found rclcpp: 28.1.12 (/opt/ros/jazzy/share/rclcpp/cmake)
-- Found rosidl_generator_c: 4.6.6 (/opt/ros/jazzy/share/rosidl_generator_c/cmake)
-- Found rosidl_generator_cpp: 4.6.6 (/opt/ros/jazzy/share/rosidl_generator_cpp/cmake)
-- Using all available rosidl_typesupport_c: rosidl_typesupport_fastrtps_c;rosidl_typesupport_introspection_c
-- Using all available rosidl_typesupport_cpp: rosidl_typesupport_fastrtps_cpp;rosidl_typesupport_introspection_cpp
-- Found rmw_implementation_cmake: 7.3.2 (/opt/ros/jazzy/share/rmw_implementation_cmake/cmake)
-- Found rmw_fastrtps_cpp: 8.4.3 (/opt/ros/jazzy/share/rmw_fastrtps_cpp/cmake)
-- Found OpenSSL: /usr/lib/aarch64-linux-gnu/libcrypto.so (found version "3.0.13")  
-- Found FastRTPS: /opt/ros/jazzy/include (Required is at least version "2.13") 
-- Using RMW implementation 'rmw_fastrtps_cpp' as default
-- Found sensor_msgs: 5.3.6 (/opt/ros/jazzy/share/sensor_msgs/cmake)
-- Found ament_lint_auto: 0.17.3 (/opt/ros/jazzy/share/ament_lint_auto/cmake)
-- Added test 'cppcheck' to perform static code analysis on C / C++ code
-- Configured cppcheck include dirs: /home/yhs/ros2_ws/src/g1_manipulation/include
-- Configured cppcheck exclude dirs and/or files: 
-- Added test 'flake8' to check Python code syntax and style conventions
-- Configured 'flake8' exclude dirs and/or files: 
-- Added test 'lint_cmake' to check CMake code style
-- Added test 'pep257' to check Python code against some of the docstring style conventions in PEP 257
-- Added test 'uncrustify' to check C / C++ code style
-- Configured uncrustify additional arguments: 
-- Added test 'xmllint' to check XML markup files
-- Configuring done (1.0s)
-- Generating done (0.0s)
-- Build files have been written to: /home/yhs/ros2_ws/build/g1_manipulation
[ 50%] [32mBuilding CXX object CMakeFiles/wave_right_arm.dir/src/wave_right_arm.cpp.o[0m
[ 50%] Built target ament_cmake_python_copy_g1_manipulation
running egg_info
creating g1_manipulation.egg-info
writing g1_manipulation.egg-info/PKG-INFO
writing dependency_links to g1_manipulation.egg-info/dependency_links.txt
writing top-level names to g1_manipulation.egg-info/top_level.txt
writing manifest file 'g1_manipulation.egg-info/SOURCES.txt'
reading manifest file 'g1_manipulation.egg-info/SOURCES.txt'
writing manifest file 'g1_manipulation.egg-info/SOURCES.txt'
[ 50%] Built target ament_cmake_python_build_g1_manipulation_egg
[100%] [32m[1mLinking CXX executable wave_right_arm[0m
[100%] Built target wave_right_arm
-- Install configuration: ""
-- Installing: /home/yhs/ros2_ws/install/g1_manipulation/share/g1_manipulation/launch
-- Installing: /home/yhs/ros2_ws/install/g1_manipulation/share/g1_manipulation/launch/spawn_g1.launch.py
-- Installing: /home/yhs/ros2_ws/install/g1_manipulation/share/g1_manipulation/urdf
-- Installing: /home/yhs/ros2_ws/install/g1_manipulation/share/g1_manipulation/urdf/g1.urdf
-- Installing: /home/yhs/ros2_ws/install/g1_manipulation/share/g1_manipulation/meshes
-- Installing: /home/yhs/ros2_ws/install/g1_manipulation/share/g1_manipulation/meshes/g1
-- Installing: /home/yhs/ros2_ws/install/g1_manipulation/share/g1_manipulation/meshes/g1/visual
-- Installing: /home/yhs/ros2_ws/install/g1_manipulation/share/g1_manipulation/meshes/g1/visual/left_wrist_pitch_link.STL
-- Installing: /home/yhs/ros2_ws/install/g1_manipulation/share/g1_manipulation/meshes/g1/visual/left_knee_link.STL
-- Installing: /home/yhs/ros2_ws/install/g1_manipulation/share/g1_manipulation/meshes/g1/visual/left_hand_thumb_1_link.STL
-- Installing: /home/yhs/ros2_ws/install/g1_manipulation/share/g1_manipulation/meshes/g1/visual/right_hand_middle_1_link.STL
-- Installing: /home/yhs/ros2_ws/install/g1_manipulation/share/g1_manipulation/meshes/g1/visual/left_hand_middle_1_link.STL
-- Installing: /home/yhs/ros2_ws/install/g1_manipulation/share/g1_manipulation/meshes/g1/visual/right_hand_thumb_2_link.STL
-- Installing: /home/yhs/ros2_ws/install/g1_manipulation/share/g1_manipulation/meshes/g1/visual/pelvis_contour_link.STL
-- Installing: /home/yhs/ros2_ws/install/g1_manipulation/share/g1_manipulation/meshes/g1/visual/left_wrist_roll_rubber_hand.STL
-- Installing: /home/yhs/ros2_ws/install/g1_manipulation/share/g1_manipulation/meshes/g1/visual/head_link.STL
-- Installing: /home/yhs/ros2_ws/install/g1_manipulation/share/g1_manipulation/meshes/g1/visual/left_hip_pitch_link.STL
-- Installing: /home/yhs/ros2_ws/install/g1_manipulation/share/g1_manipulation/meshes/g1/visual/left_hand_thumb_0_link.STL
-- Installing: /home/yhs/ros2_ws/install/g1_manipulation/share/g1_manipulation/meshes/g1/visual/torso_link_23dof_rev_1_0.STL
-- Installing: /home/yhs/ros2_ws/install/g1_manipulation/share/g1_manipulation/meshes/g1/visual/waist_constraint_R.STL
-- Installing: /home/yhs/ros2_ws/install/g1_manipulation/share/g1_manipulation/meshes/g1/visual/right_hand_thumb_0_link.STL
-- Installing: /home/yhs/ros2_ws/install/g1_manipulation/share/g1_manipulation/meshes/g1/visual/torso_constraint_R_rod_link.STL
-- Installing: /home/yhs/ros2_ws/install/g1_manipulation/share/g1_manipulation/meshes/g1/visual/left_elbow_link.STL
-- Installing: /home/yhs/ros2_ws/install/g1_manipulation/share/g1_manipulation/meshes/g1/visual/left_shoulder_roll_link.STL
-- Installing: /home/yhs/ros2_ws/install/g1_manipulation/share/g1_manipulation/meshes/g1/visual/left_wrist_roll_link.STL
-- Installing: /home/yhs/ros2_ws/install/g1_manipulation/share/g1_manipulation/meshes/g1/visual/right_shoulder_yaw_link.STL
-- Installing: /home/yhs/ros2_ws/install/g1_manipulation/share/g1_manipulation/meshes/g1/visual/left_shoulder_yaw_link.STL
-- Installing: /home/yhs/ros2_ws/install/g1_manipulation/share/g1_manipulation/meshes/g1/visual/right_shoulder_roll_link.STL
-- Installing: /home/yhs/ros2_ws/install/g1_manipulation/share/g1_manipulation/meshes/g1/visual/left_ankle_roll_link.STL
-- Installing: /home/yhs/ros2_ws/install/g1_manipulation/share/g1_manipulation/meshes/g1/visual/right_elbow_link.STL
-- Installing: /home/yhs/ros2_ws/install/g1_manipulation/share/g1_manipulation/meshes/g1/visual/waist_roll_link_rev_1_0.STL
-- Installing: /home/yhs/ros2_ws/install/g1_manipulation/share/g1_manipulation/meshes/g1/visual/left_shoulder_pitch_link.STL
-- Installing: /home/yhs/ros2_ws/install/g1_manipulation/share/g1_manipulation/meshes/g1/visual/torso_link.STL
-- Installing: /home/yhs/ros2_ws/install/g1_manipulation/share/g1_manipulation/meshes/g1/visual/logo_link.STL
-- Installing: /home/yhs/ros2_ws/install/g1_manipulation/share/g1_manipulation/meshes/g1/visual/right_knee_link.STL
-- Installing: /home/yhs/ros2_ws/install/g1_manipulation/share/g1_manipulation/meshes/g1/visual/waist_yaw_link.STL
-- Installing: /home/yhs/ros2_ws/install/g1_manipulation/share/g1_manipulation/meshes/g1/visual/right_wrist_roll_link.STL
-- Installing: /home/yhs/ros2_ws/install/g1_manipulation/share/g1_manipulation/meshes/g1/visual/waist_yaw_link_rev_1_0.STL
-- Installing: /home/yhs/ros2_ws/install/g1_manipulation/share/g1_manipulation/meshes/g1/visual/right_hand_middle_0_link.STL
-- Installing: /home/yhs/ros2_ws/install/g1_manipulation/share/g1_manipulation/meshes/g1/visual/right_hip_roll_link.STL
-- Installing: /home/yhs/ros2_ws/install/g1_manipulation/share/g1_manipulation/meshes/g1/visual/right_hand_palm_link.STL
-- Installing: /home/yhs/ros2_ws/install/g1_manipulation/share/g1_manipulation/meshes/g1/visual/left_hand_middle_0_link.STL
-- Installing: /home/yhs/ros2_ws/install/g1_manipulation/share/g1_manipulation/meshes/g1/visual/right_ankle_pitch_link.STL
-- Installing: /home/yhs/ros2_ws/install/g1_manipulation/share/g1_manipulation/meshes/g1/visual/left_hip_yaw_link.STL
-- Installing: /home/yhs/ros2_ws/install/g1_manipulation/share/g1_manipulation/meshes/g1/visual/right_hand_index_0_link.STL
-- Installing: /home/yhs/ros2_ws/install/g1_manipulation/share/g1_manipulation/meshes/g1/visual/right_ankle_roll_link.STL
-- Installing: /home/yhs/ros2_ws/install/g1_manipulation/share/g1_manipulation/meshes/g1/visual/torso_constraint_L_link.STL
-- Installing: /home/yhs/ros2_ws/install/g1_manipulation/share/g1_manipulation/meshes/g1/visual/right_shoulder_pitch_link.STL
-- Installing: /home/yhs/ros2_ws/install/g1_manipulation/share/g1_manipulation/meshes/g1/visual/waist_constraint_L.STL
-- Installing: /home/yhs/ros2_ws/install/g1_manipulation/share/g1_manipulation/meshes/g1/visual/right_hand_thumb_1_link.STL
-- Installing: /home/yhs/ros2_ws/install/g1_manipulation/share/g1_manipulation/meshes/g1/visual/right_hip_yaw_link.STL
-- Installing: /home/yhs/ros2_ws/install/g1_manipulation/share/g1_manipulation/meshes/g1/visual/pelvis.STL
-- Installing: /home/yhs/ros2_ws/install/g1_manipulation/share/g1_manipulation/meshes/g1/visual/right_wrist_pitch_link.STL
-- Installing: /home/yhs/ros2_ws/install/g1_manipulation/share/g1_manipulation/meshes/g1/visual/left_hip_roll_link.STL
-- Installing: /home/yhs/ros2_ws/install/g1_manipulation/share/g1_manipulation/meshes/g1/visual/right_rubber_hand.STL
-- Installing: /home/yhs/ros2_ws/install/g1_manipulation/share/g1_manipulation/meshes/g1/visual/right_wrist_yaw_link.STL
-- Installing: /home/yhs/ros2_ws/install/g1_manipulation/share/g1_manipulation/meshes/g1/visual/right_hip_pitch_link.STL
-- Installing: /home/yhs/ros2_ws/install/g1_manipulation/share/g1_manipulation/meshes/g1/visual/right_hand_index_1_link.STL
-- Installing: /home/yhs/ros2_ws/install/g1_manipulation/share/g1_manipulation/meshes/g1/visual/right_wrist_roll_rubber_hand.STL
-- Installing: /home/yhs/ros2_ws/install/g1_manipulation/share/g1_manipulation/meshes/g1/visual/left_wrist_yaw_link.STL
-- Installing: /home/yhs/ros2_ws/install/g1_manipulation/share/g1_manipulation/meshes/g1/visual/left_hand_index_1_link.STL
-- Installing: /home/yhs/ros2_ws/install/g1_manipulation/share/g1_manipulation/meshes/g1/visual/left_ankle_pitch_link.STL
-- Installing: /home/yhs/ros2_ws/install/g1_manipulation/share/g1_manipulation/meshes/g1/visual/waist_support_link.STL
-- Installing: /home/yhs/ros2_ws/install/g1_manipulation/share/g1_manipulation/meshes/g1/visual/torso_link_rev_1_0.STL
-- Installing: /home/yhs/ros2_ws/install/g1_manipulation/share/g1_manipulation/meshes/g1/visual/left_hand_thumb_2_link.STL
-- Installing: /home/yhs/ros2_ws/install/g1_manipulation/share/g1_manipulation/meshes/g1/visual/left_hand_palm_link.STL
-- Installing: /home/yhs/ros2_ws/install/g1_manipulation/share/g1_manipulation/meshes/g1/visual/waist_roll_link.STL
-- Installing: /home/yhs/ros2_ws/install/g1_manipulation/share/g1_manipulation/meshes/g1/visual/torso_constraint_R_link.STL
-- Installing: /home/yhs/ros2_ws/install/g1_manipulation/share/g1_manipulation/meshes/g1/visual/torso_constraint_L_rod_link.STL
-- Installing: /home/yhs/ros2_ws/install/g1_manipulation/share/g1_manipulation/meshes/g1/visual/left_hand_index_0_link.STL
-- Installing: /home/yhs/ros2_ws/install/g1_manipulation/share/g1_manipulation/meshes/g1/visual/left_rubber_hand.STL
-- Installing: /home/yhs/ros2_ws/install/g1_manipulation/share/g1_manipulation/meshes/hand
-- Installing: /home/yhs/ros2_ws/install/g1_manipulation/share/g1_manipulation/meshes/hand/visual
-- Installing: /home/yhs/ros2_ws/install/g1_manipulation/share/g1_manipulation/meshes/hand/visual/finger_collision.dae
-- Installing: /home/yhs/ros2_ws/install/g1_manipulation/share/g1_manipulation/meshes/hand/visual/finger.dae
-- Installing: /home/yhs/ros2_ws/install/g1_manipulation/share/g1_manipulation/meshes/hand/visual/hande.dae
-- Installing: /home/yhs/ros2_ws/install/g1_manipulation/share/g1_manipulation/meshes/hand/visual/io_coupler.dae
-- Installing: /home/yhs/ros2_ws/install/g1_manipulation/share/g1_manipulation/rviz
-- Installing: /home/yhs/ros2_ws/install/g1_manipulation/share/g1_manipulation/rviz/g1.rviz
-- Installing: /home/yhs/ros2_ws/install/g1_manipulation/share/g1_manipulation/include
-- Installing: /home/yhs/ros2_ws/install/g1_manipulation/share/g1_manipulation/include/g1_manipulation
-- Installing: /home/yhs/ros2_ws/install/g1_manipulation/share/g1_manipulation/include/g1_manipulation/wave_right_arm.hpp
-- Installing: /home/yhs/ros2_ws/install/g1_manipulation/share/g1_manipulation/src
-- Installing: /home/yhs/ros2_ws/install/g1_manipulation/share/g1_manipulation/src/wave_right_arm.cpp
-- Installing: /home/yhs/ros2_ws/install/g1_manipulation/share/g1_manipulation/g1_manipulation
-- Installing: /home/yhs/ros2_ws/install/g1_manipulation/share/g1_manipulation/g1_manipulation/__init__.py
-- Installing: /home/yhs/ros2_ws/install/g1_manipulation/share/g1_manipulation/g1_manipulation/wave_left_arm.py
-- Installing: /home/yhs/ros2_ws/install/g1_manipulation/share/g1_manipulation/environment/pythonpath.sh
-- Installing: /home/yhs/ros2_ws/install/g1_manipulation/share/g1_manipulation/environment/pythonpath.dsv
-- Installing: /home/yhs/ros2_ws/install/g1_manipulation/lib/python3.12/site-packages/g1_manipulation-0.0.0-py3.12.egg-info
-- Installing: /home/yhs/ros2_ws/install/g1_manipulation/lib/python3.12/site-packages/g1_manipulation-0.0.0-py3.12.egg-info/SOURCES.txt
-- Installing: /home/yhs/ros2_ws/install/g1_manipulation/lib/python3.12/site-packages/g1_manipulation-0.0.0-py3.12.egg-info/top_level.txt
-- Installing: /home/yhs/ros2_ws/install/g1_manipulation/lib/python3.12/site-packages/g1_manipulation-0.0.0-py3.12.egg-info/dependency_links.txt
-- Installing: /home/yhs/ros2_ws/install/g1_manipulation/lib/python3.12/site-packages/g1_manipulation-0.0.0-py3.12.egg-info/PKG-INFO
-- Installing: /home/yhs/ros2_ws/install/g1_manipulation/lib/python3.12/site-packages/g1_manipulation
-- Installing: /home/yhs/ros2_ws/install/g1_manipulation/lib/python3.12/site-packages/g1_manipulation/__init__.py
-- Installing: /home/yhs/ros2_ws/install/g1_manipulation/lib/python3.12/site-packages/g1_manipulation/wave_left_arm.py
Listing '/home/yhs/ros2_ws/install/g1_manipulation/lib/python3.12/site-packages/g1_manipulation'...
Compiling '/home/yhs/ros2_ws/install/g1_manipulation/lib/python3.12/site-packages/g1_manipulation/__init__.py'...
Compiling '/home/yhs/ros2_ws/install/g1_manipulation/lib/python3.12/site-packages/g1_manipulation/wave_left_arm.py'...
-- Installing: /home/yhs/ros2_ws/install/g1_manipulation/lib/g1_manipulation/wave_left_arm.py
-- Installing: /home/yhs/ros2_ws/install/g1_manipulation/lib/g1_manipulation/wave_right_arm
-- Set non-toolchain portion of runtime path of "/home/yhs/ros2_ws/install/g1_manipulation/lib/g1_manipulation/wave_right_arm" to ""
-- Installing: /home/yhs/ros2_ws/install/g1_manipulation/share/ament_index/resource_index/package_run_dependencies/g1_manipulation
-- Installing: /home/yhs/ros2_ws/install/g1_manipulation/share/ament_index/resource_index/parent_prefix_path/g1_manipulation
-- Installing: /home/yhs/ros2_ws/install/g1_manipulation/share/g1_manipulation/environment/ament_prefix_path.sh
-- Installing: /home/yhs/ros2_ws/install/g1_manipulation/share/g1_manipulation/environment/ament_prefix_path.dsv
-- Installing: /home/yhs/ros2_ws/install/g1_manipulation/share/g1_manipulation/environment/path.sh
-- Installing: /home/yhs/ros2_ws/install/g1_manipulation/share/g1_manipulation/environment/path.dsv
-- Installing: /home/yhs/ros2_ws/install/g1_manipulation/share/g1_manipulation/local_setup.bash
-- Installing: /home/yhs/ros2_ws/install/g1_manipulation/share/g1_manipulation/local_setup.sh
-- Installing: /home/yhs/ros2_ws/install/g1_manipulation/share/g1_manipulation/local_setup.zsh
-- Installing: /home/yhs/ros2_ws/install/g1_manipulation/share/g1_manipulation/local_setup.dsv
-- Installing: /home/yhs/ros2_ws/install/g1_manipulation/share/g1_manipulation/package.dsv
-- Installing: /home/yhs/ros2_ws/install/g1_manipulation/share/ament_index/resource_index/packages/g1_manipulation
-- Installing: /home/yhs/ros2_ws/install/g1_manipulation/share/g1_manipulation/cmake/g1_manipulationConfig.cmake
-- Installing: /home/yhs/ros2_ws/install/g1_manipulation/share/g1_manipulation/cmake/g1_manipulationConfig-version.cmake
-- Installing: /home/yhs/ros2_ws/install/g1_manipulation/share/g1_manipulation/package.xml
