[0.007s] Invoking command in '/home/yhs/ros2_ws/build/g1_manipulation': CMAKE_PREFIX_PATH=${CMAKE_PREFIX_PATH}:/opt/ros/jazzy DEBUGINFOD_URLS=https://debuginfod.ubuntu.com /usr/bin/cmake /home/yhs/ros2_ws/src/g1_manipulation -DCMAKE_INSTALL_PREFIX=/home/yhs/ros2_ws/install/g1_manipulation
[0.124s] -- The C compiler identification is GNU 13.3.0
[0.216s] -- The CXX compiler identification is GNU 13.3.0
[0.230s] -- Detecting C compiler ABI info
[0.285s] -- Detecting C compiler ABI info - done
[0.292s] -- Check for working C compiler: /usr/bin/cc - skipped
[0.292s] -- Detecting C compile features
[0.293s] -- Detecting C compile features - done
[0.299s] -- Detecting CXX compiler ABI info
[0.359s] -- Detecting CXX compiler ABI info - done
[0.366s] -- Check for working CXX compiler: /usr/bin/c++ - skipped
[0.367s] -- Detecting CXX compile features
[0.367s] -- Detecting CXX compile features - done
[0.372s] -- Found ament_cmake: 2.5.4 (/opt/ros/jazzy/share/ament_cmake/cmake)
[0.456s] -- Found Python3: /usr/bin/python3 (found version "3.12.3") found components: Interpreter 
[0.526s] -- Found rclpy: 7.1.5 (/opt/ros/jazzy/share/rclpy/cmake)
[0.528s] -- Found rclcpp: 28.1.12 (/opt/ros/jazzy/share/rclcpp/cmake)
[0.565s] -- Found rosidl_generator_c: 4.6.6 (/opt/ros/jazzy/share/rosidl_generator_c/cmake)
[0.576s] -- Found rosidl_generator_cpp: 4.6.6 (/opt/ros/jazzy/share/rosidl_generator_cpp/cmake)
[0.591s] -- Using all available rosidl_typesupport_c: rosidl_typesupport_fastrtps_c;rosidl_typesupport_introspection_c
[0.606s] -- Using all available rosidl_typesupport_cpp: rosidl_typesupport_fastrtps_cpp;rosidl_typesupport_introspection_cpp
[0.667s] -- Found rmw_implementation_cmake: 7.3.2 (/opt/ros/jazzy/share/rmw_implementation_cmake/cmake)
[0.670s] -- Found rmw_fastrtps_cpp: 8.4.3 (/opt/ros/jazzy/share/rmw_fastrtps_cpp/cmake)
[0.723s] -- Found OpenSSL: /usr/lib/aarch64-linux-gnu/libcrypto.so (found version "3.0.13")  
[0.739s] -- Found FastRTPS: /opt/ros/jazzy/include (Required is at least version "2.13") 
[0.754s] -- Using RMW implementation 'rmw_fastrtps_cpp' as default
[0.812s] -- Found sensor_msgs: 5.3.6 (/opt/ros/jazzy/share/sensor_msgs/cmake)
[0.919s] -- Found ament_lint_auto: 0.17.3 (/opt/ros/jazzy/share/ament_lint_auto/cmake)
[0.988s] -- Added test 'cppcheck' to perform static code analysis on C / C++ code
[0.988s] -- Configured cppcheck include dirs: /home/yhs/ros2_ws/src/g1_manipulation/include
[0.988s] -- Configured cppcheck exclude dirs and/or files: 
[0.989s] -- Added test 'flake8' to check Python code syntax and style conventions
[0.989s] -- Configured 'flake8' exclude dirs and/or files: 
[0.990s] -- Added test 'lint_cmake' to check CMake code style
[0.991s] -- Added test 'pep257' to check Python code against some of the docstring style conventions in PEP 257
[0.993s] -- Added test 'uncrustify' to check C / C++ code style
[0.993s] -- Configured uncrustify additional arguments: 
[0.993s] -- Added test 'xmllint' to check XML markup files
[0.994s] -- Configuring done (1.0s)
[1.003s] -- Generating done (0.0s)
[1.006s] -- Build files have been written to: /home/yhs/ros2_ws/build/g1_manipulation
[1.012s] Invoked command in '/home/yhs/ros2_ws/build/g1_manipulation' returned '0': CMAKE_PREFIX_PATH=${CMAKE_PREFIX_PATH}:/opt/ros/jazzy DEBUGINFOD_URLS=https://debuginfod.ubuntu.com /usr/bin/cmake /home/yhs/ros2_ws/src/g1_manipulation -DCMAKE_INSTALL_PREFIX=/home/yhs/ros2_ws/install/g1_manipulation
[1.013s] Invoking command in '/home/yhs/ros2_ws/build/g1_manipulation': CMAKE_PREFIX_PATH=${CMAKE_PREFIX_PATH}:/opt/ros/jazzy DEBUGINFOD_URLS=https://debuginfod.ubuntu.com /usr/bin/cmake --build /home/yhs/ros2_ws/build/g1_manipulation -- -j4 -l4
[1.040s] [ 50%] [32mBuilding CXX object CMakeFiles/wave_right_arm.dir/src/wave_right_arm.cpp.o[0m
[1.044s] [ 50%] Built target ament_cmake_python_copy_g1_manipulation
[1.174s] running egg_info
[1.175s] creating g1_manipulation.egg-info
[1.184s] writing g1_manipulation.egg-info/PKG-INFO
[1.184s] writing dependency_links to g1_manipulation.egg-info/dependency_links.txt
[1.184s] writing top-level names to g1_manipulation.egg-info/top_level.txt
[1.184s] writing manifest file 'g1_manipulation.egg-info/SOURCES.txt'
[1.216s] reading manifest file 'g1_manipulation.egg-info/SOURCES.txt'
[1.216s] writing manifest file 'g1_manipulation.egg-info/SOURCES.txt'
[1.235s] [ 50%] Built target ament_cmake_python_build_g1_manipulation_egg
[3.864s] [100%] [32m[1mLinking CXX executable wave_right_arm[0m
[4.002s] [100%] Built target wave_right_arm
[4.008s] Invoked command in '/home/yhs/ros2_ws/build/g1_manipulation' returned '0': CMAKE_PREFIX_PATH=${CMAKE_PREFIX_PATH}:/opt/ros/jazzy DEBUGINFOD_URLS=https://debuginfod.ubuntu.com /usr/bin/cmake --build /home/yhs/ros2_ws/build/g1_manipulation -- -j4 -l4
[4.014s] Invoking command in '/home/yhs/ros2_ws/build/g1_manipulation': CMAKE_PREFIX_PATH=${CMAKE_PREFIX_PATH}:/opt/ros/jazzy DEBUGINFOD_URLS=https://debuginfod.ubuntu.com /usr/bin/cmake --install /home/yhs/ros2_ws/build/g1_manipulation
[4.018s] -- Install configuration: ""
[4.018s] -- Installing: /home/yhs/ros2_ws/install/g1_manipulation/share/g1_manipulation/launch
[4.019s] -- Installing: /home/yhs/ros2_ws/install/g1_manipulation/share/g1_manipulation/launch/spawn_g1.launch.py
[4.019s] -- Installing: /home/yhs/ros2_ws/install/g1_manipulation/share/g1_manipulation/urdf
[4.019s] -- Installing: /home/yhs/ros2_ws/install/g1_manipulation/share/g1_manipulation/urdf/g1.urdf
[4.019s] -- Installing: /home/yhs/ros2_ws/install/g1_manipulation/share/g1_manipulation/meshes
[4.019s] -- Installing: /home/yhs/ros2_ws/install/g1_manipulation/share/g1_manipulation/meshes/g1
[4.019s] -- Installing: /home/yhs/ros2_ws/install/g1_manipulation/share/g1_manipulation/meshes/g1/visual
[4.019s] -- Installing: /home/yhs/ros2_ws/install/g1_manipulation/share/g1_manipulation/meshes/g1/visual/left_wrist_pitch_link.STL
[4.019s] -- Installing: /home/yhs/ros2_ws/install/g1_manipulation/share/g1_manipulation/meshes/g1/visual/left_knee_link.STL
[4.020s] -- Installing: /home/yhs/ros2_ws/install/g1_manipulation/share/g1_manipulation/meshes/g1/visual/left_hand_thumb_1_link.STL
[4.021s] -- Installing: /home/yhs/ros2_ws/install/g1_manipulation/share/g1_manipulation/meshes/g1/visual/right_hand_middle_1_link.STL
[4.022s] -- Installing: /home/yhs/ros2_ws/install/g1_manipulation/share/g1_manipulation/meshes/g1/visual/left_hand_middle_1_link.STL
[4.023s] -- Installing: /home/yhs/ros2_ws/install/g1_manipulation/share/g1_manipulation/meshes/g1/visual/right_hand_thumb_2_link.STL
[4.025s] -- Installing: /home/yhs/ros2_ws/install/g1_manipulation/share/g1_manipulation/meshes/g1/visual/pelvis_contour_link.STL
[4.029s] -- Installing: /home/yhs/ros2_ws/install/g1_manipulation/share/g1_manipulation/meshes/g1/visual/left_wrist_roll_rubber_hand.STL
[4.034s] -- Installing: /home/yhs/ros2_ws/install/g1_manipulation/share/g1_manipulation/meshes/g1/visual/head_link.STL
[4.035s] -- Installing: /home/yhs/ros2_ws/install/g1_manipulation/share/g1_manipulation/meshes/g1/visual/left_hip_pitch_link.STL
[4.035s] -- Installing: /home/yhs/ros2_ws/install/g1_manipulation/share/g1_manipulation/meshes/g1/visual/left_hand_thumb_0_link.STL
[4.035s] -- Installing: /home/yhs/ros2_ws/install/g1_manipulation/share/g1_manipulation/meshes/g1/visual/torso_link_23dof_rev_1_0.STL
[4.042s] -- Installing: /home/yhs/ros2_ws/install/g1_manipulation/share/g1_manipulation/meshes/g1/visual/waist_constraint_R.STL
[4.042s] -- Installing: /home/yhs/ros2_ws/install/g1_manipulation/share/g1_manipulation/meshes/g1/visual/right_hand_thumb_0_link.STL
[4.042s] -- Installing: /home/yhs/ros2_ws/install/g1_manipulation/share/g1_manipulation/meshes/g1/visual/torso_constraint_R_rod_link.STL
[4.042s] -- Installing: /home/yhs/ros2_ws/install/g1_manipulation/share/g1_manipulation/meshes/g1/visual/left_elbow_link.STL
[4.042s] -- Installing: /home/yhs/ros2_ws/install/g1_manipulation/share/g1_manipulation/meshes/g1/visual/left_shoulder_roll_link.STL
[4.043s] -- Installing: /home/yhs/ros2_ws/install/g1_manipulation/share/g1_manipulation/meshes/g1/visual/left_wrist_roll_link.STL
[4.043s] -- Installing: /home/yhs/ros2_ws/install/g1_manipulation/share/g1_manipulation/meshes/g1/visual/right_shoulder_yaw_link.STL
[4.044s] -- Installing: /home/yhs/ros2_ws/install/g1_manipulation/share/g1_manipulation/meshes/g1/visual/left_shoulder_yaw_link.STL
[4.044s] -- Installing: /home/yhs/ros2_ws/install/g1_manipulation/share/g1_manipulation/meshes/g1/visual/right_shoulder_roll_link.STL
[4.044s] -- Installing: /home/yhs/ros2_ws/install/g1_manipulation/share/g1_manipulation/meshes/g1/visual/left_ankle_roll_link.STL
[4.045s] -- Installing: /home/yhs/ros2_ws/install/g1_manipulation/share/g1_manipulation/meshes/g1/visual/right_elbow_link.STL
[4.045s] -- Installing: /home/yhs/ros2_ws/install/g1_manipulation/share/g1_manipulation/meshes/g1/visual/waist_roll_link_rev_1_0.STL
[4.045s] -- Installing: /home/yhs/ros2_ws/install/g1_manipulation/share/g1_manipulation/meshes/g1/visual/left_shoulder_pitch_link.STL
[4.046s] -- Installing: /home/yhs/ros2_ws/install/g1_manipulation/share/g1_manipulation/meshes/g1/visual/torso_link.STL
[4.048s] -- Installing: /home/yhs/ros2_ws/install/g1_manipulation/share/g1_manipulation/meshes/g1/visual/logo_link.STL
[4.048s] -- Installing: /home/yhs/ros2_ws/install/g1_manipulation/share/g1_manipulation/meshes/g1/visual/right_knee_link.STL
[4.049s] -- Installing: /home/yhs/ros2_ws/install/g1_manipulation/share/g1_manipulation/meshes/g1/visual/waist_yaw_link.STL
[4.049s] -- Installing: /home/yhs/ros2_ws/install/g1_manipulation/share/g1_manipulation/meshes/g1/visual/right_wrist_roll_link.STL
[4.049s] -- Installing: /home/yhs/ros2_ws/install/g1_manipulation/share/g1_manipulation/meshes/g1/visual/waist_yaw_link_rev_1_0.STL
[4.050s] -- Installing: /home/yhs/ros2_ws/install/g1_manipulation/share/g1_manipulation/meshes/g1/visual/right_hand_middle_0_link.STL
[4.050s] -- Installing: /home/yhs/ros2_ws/install/g1_manipulation/share/g1_manipulation/meshes/g1/visual/right_hip_roll_link.STL
[4.050s] -- Installing: /home/yhs/ros2_ws/install/g1_manipulation/share/g1_manipulation/meshes/g1/visual/right_hand_palm_link.STL
[4.053s] -- Installing: /home/yhs/ros2_ws/install/g1_manipulation/share/g1_manipulation/meshes/g1/visual/left_hand_middle_0_link.STL
[4.053s] -- Installing: /home/yhs/ros2_ws/install/g1_manipulation/share/g1_manipulation/meshes/g1/visual/right_ankle_pitch_link.STL
[4.053s] -- Installing: /home/yhs/ros2_ws/install/g1_manipulation/share/g1_manipulation/meshes/g1/visual/left_hip_yaw_link.STL
[4.053s] -- Installing: /home/yhs/ros2_ws/install/g1_manipulation/share/g1_manipulation/meshes/g1/visual/right_hand_index_0_link.STL
[4.054s] -- Installing: /home/yhs/ros2_ws/install/g1_manipulation/share/g1_manipulation/meshes/g1/visual/right_ankle_roll_link.STL
[4.054s] -- Installing: /home/yhs/ros2_ws/install/g1_manipulation/share/g1_manipulation/meshes/g1/visual/torso_constraint_L_link.STL
[4.055s] -- Installing: /home/yhs/ros2_ws/install/g1_manipulation/share/g1_manipulation/meshes/g1/visual/right_shoulder_pitch_link.STL
[4.055s] -- Installing: /home/yhs/ros2_ws/install/g1_manipulation/share/g1_manipulation/meshes/g1/visual/waist_constraint_L.STL
[4.055s] -- Installing: /home/yhs/ros2_ws/install/g1_manipulation/share/g1_manipulation/meshes/g1/visual/right_hand_thumb_1_link.STL
[4.055s] -- Installing: /home/yhs/ros2_ws/install/g1_manipulation/share/g1_manipulation/meshes/g1/visual/right_hip_yaw_link.STL
[4.056s] -- Installing: /home/yhs/ros2_ws/install/g1_manipulation/share/g1_manipulation/meshes/g1/visual/pelvis.STL
[4.056s] -- Installing: /home/yhs/ros2_ws/install/g1_manipulation/share/g1_manipulation/meshes/g1/visual/right_wrist_pitch_link.STL
[4.057s] -- Installing: /home/yhs/ros2_ws/install/g1_manipulation/share/g1_manipulation/meshes/g1/visual/left_hip_roll_link.STL
[4.057s] -- Installing: /home/yhs/ros2_ws/install/g1_manipulation/share/g1_manipulation/meshes/g1/visual/right_rubber_hand.STL
[4.059s] -- Installing: /home/yhs/ros2_ws/install/g1_manipulation/share/g1_manipulation/meshes/g1/visual/right_wrist_yaw_link.STL
[4.059s] -- Installing: /home/yhs/ros2_ws/install/g1_manipulation/share/g1_manipulation/meshes/g1/visual/right_hip_pitch_link.STL
[4.060s] -- Installing: /home/yhs/ros2_ws/install/g1_manipulation/share/g1_manipulation/meshes/g1/visual/right_hand_index_1_link.STL
[4.060s] -- Installing: /home/yhs/ros2_ws/install/g1_manipulation/share/g1_manipulation/meshes/g1/visual/right_wrist_roll_rubber_hand.STL
[4.064s] -- Installing: /home/yhs/ros2_ws/install/g1_manipulation/share/g1_manipulation/meshes/g1/visual/left_wrist_yaw_link.STL
[4.064s] -- Installing: /home/yhs/ros2_ws/install/g1_manipulation/share/g1_manipulation/meshes/g1/visual/left_hand_index_1_link.STL
[4.066s] -- Installing: /home/yhs/ros2_ws/install/g1_manipulation/share/g1_manipulation/meshes/g1/visual/left_ankle_pitch_link.STL
[4.066s] -- Installing: /home/yhs/ros2_ws/install/g1_manipulation/share/g1_manipulation/meshes/g1/visual/waist_support_link.STL
[4.066s] -- Installing: /home/yhs/ros2_ws/install/g1_manipulation/share/g1_manipulation/meshes/g1/visual/torso_link_rev_1_0.STL
[4.069s] -- Installing: /home/yhs/ros2_ws/install/g1_manipulation/share/g1_manipulation/meshes/g1/visual/left_hand_thumb_2_link.STL
[4.074s] -- Installing: /home/yhs/ros2_ws/install/g1_manipulation/share/g1_manipulation/meshes/g1/visual/left_hand_palm_link.STL
[4.078s] -- Installing: /home/yhs/ros2_ws/install/g1_manipulation/share/g1_manipulation/meshes/g1/visual/waist_roll_link.STL
[4.078s] -- Installing: /home/yhs/ros2_ws/install/g1_manipulation/share/g1_manipulation/meshes/g1/visual/torso_constraint_R_link.STL
[4.078s] -- Installing: /home/yhs/ros2_ws/install/g1_manipulation/share/g1_manipulation/meshes/g1/visual/torso_constraint_L_rod_link.STL
[4.078s] -- Installing: /home/yhs/ros2_ws/install/g1_manipulation/share/g1_manipulation/meshes/g1/visual/left_hand_index_0_link.STL
[4.079s] -- Installing: /home/yhs/ros2_ws/install/g1_manipulation/share/g1_manipulation/meshes/g1/visual/left_rubber_hand.STL
[4.080s] -- Installing: /home/yhs/ros2_ws/install/g1_manipulation/share/g1_manipulation/meshes/hand
[4.080s] -- Installing: /home/yhs/ros2_ws/install/g1_manipulation/share/g1_manipulation/meshes/hand/visual
[4.080s] -- Installing: /home/yhs/ros2_ws/install/g1_manipulation/share/g1_manipulation/meshes/hand/visual/finger_collision.dae
[4.080s] -- Installing: /home/yhs/ros2_ws/install/g1_manipulation/share/g1_manipulation/meshes/hand/visual/finger.dae
[4.081s] -- Installing: /home/yhs/ros2_ws/install/g1_manipulation/share/g1_manipulation/meshes/hand/visual/hande.dae
[4.085s] -- Installing: /home/yhs/ros2_ws/install/g1_manipulation/share/g1_manipulation/meshes/hand/visual/io_coupler.dae
[4.092s] -- Installing: /home/yhs/ros2_ws/install/g1_manipulation/share/g1_manipulation/rviz
[4.093s] -- Installing: /home/yhs/ros2_ws/install/g1_manipulation/share/g1_manipulation/rviz/g1.rviz
[4.093s] -- Installing: /home/yhs/ros2_ws/install/g1_manipulation/share/g1_manipulation/include
[4.093s] -- Installing: /home/yhs/ros2_ws/install/g1_manipulation/share/g1_manipulation/include/g1_manipulation
[4.093s] -- Installing: /home/yhs/ros2_ws/install/g1_manipulation/share/g1_manipulation/include/g1_manipulation/wave_right_arm.hpp
[4.093s] -- Installing: /home/yhs/ros2_ws/install/g1_manipulation/share/g1_manipulation/src
[4.093s] -- Installing: /home/yhs/ros2_ws/install/g1_manipulation/share/g1_manipulation/src/wave_right_arm.cpp
[4.093s] -- Installing: /home/yhs/ros2_ws/install/g1_manipulation/share/g1_manipulation/g1_manipulation
[4.093s] -- Installing: /home/yhs/ros2_ws/install/g1_manipulation/share/g1_manipulation/g1_manipulation/__init__.py
[4.093s] -- Installing: /home/yhs/ros2_ws/install/g1_manipulation/share/g1_manipulation/g1_manipulation/wave_left_arm.py
[4.093s] -- Installing: /home/yhs/ros2_ws/install/g1_manipulation/share/g1_manipulation/environment/pythonpath.sh
[4.093s] -- Installing: /home/yhs/ros2_ws/install/g1_manipulation/share/g1_manipulation/environment/pythonpath.dsv
[4.093s] -- Installing: /home/yhs/ros2_ws/install/g1_manipulation/lib/python3.12/site-packages/g1_manipulation-0.0.0-py3.12.egg-info
[4.093s] -- Installing: /home/yhs/ros2_ws/install/g1_manipulation/lib/python3.12/site-packages/g1_manipulation-0.0.0-py3.12.egg-info/SOURCES.txt
[4.094s] -- Installing: /home/yhs/ros2_ws/install/g1_manipulation/lib/python3.12/site-packages/g1_manipulation-0.0.0-py3.12.egg-info/top_level.txt
[4.094s] -- Installing: /home/yhs/ros2_ws/install/g1_manipulation/lib/python3.12/site-packages/g1_manipulation-0.0.0-py3.12.egg-info/dependency_links.txt
[4.094s] -- Installing: /home/yhs/ros2_ws/install/g1_manipulation/lib/python3.12/site-packages/g1_manipulation-0.0.0-py3.12.egg-info/PKG-INFO
[4.094s] -- Installing: /home/yhs/ros2_ws/install/g1_manipulation/lib/python3.12/site-packages/g1_manipulation
[4.094s] -- Installing: /home/yhs/ros2_ws/install/g1_manipulation/lib/python3.12/site-packages/g1_manipulation/__init__.py
[4.094s] -- Installing: /home/yhs/ros2_ws/install/g1_manipulation/lib/python3.12/site-packages/g1_manipulation/wave_left_arm.py
[4.118s] Listing '/home/yhs/ros2_ws/install/g1_manipulation/lib/python3.12/site-packages/g1_manipulation'...
[4.118s] Compiling '/home/yhs/ros2_ws/install/g1_manipulation/lib/python3.12/site-packages/g1_manipulation/__init__.py'...
[4.118s] Compiling '/home/yhs/ros2_ws/install/g1_manipulation/lib/python3.12/site-packages/g1_manipulation/wave_left_arm.py'...
[4.121s] -- Installing: /home/yhs/ros2_ws/install/g1_manipulation/lib/g1_manipulation/wave_left_arm.py
[4.121s] -- Installing: /home/yhs/ros2_ws/install/g1_manipulation/lib/g1_manipulation/wave_right_arm
[4.122s] -- Set non-toolchain portion of runtime path of "/home/yhs/ros2_ws/install/g1_manipulation/lib/g1_manipulation/wave_right_arm" to ""
[4.122s] -- Installing: /home/yhs/ros2_ws/install/g1_manipulation/share/ament_index/resource_index/package_run_dependencies/g1_manipulation
[4.122s] -- Installing: /home/yhs/ros2_ws/install/g1_manipulation/share/ament_index/resource_index/parent_prefix_path/g1_manipulation
[4.122s] -- Installing: /home/yhs/ros2_ws/install/g1_manipulation/share/g1_manipulation/environment/ament_prefix_path.sh
[4.123s] -- Installing: /home/yhs/ros2_ws/install/g1_manipulation/share/g1_manipulation/environment/ament_prefix_path.dsv
[4.123s] -- Installing: /home/yhs/ros2_ws/install/g1_manipulation/share/g1_manipulation/environment/path.sh
[4.123s] -- Installing: /home/yhs/ros2_ws/install/g1_manipulation/share/g1_manipulation/environment/path.dsv
[4.123s] -- Installing: /home/yhs/ros2_ws/install/g1_manipulation/share/g1_manipulation/local_setup.bash
[4.123s] -- Installing: /home/yhs/ros2_ws/install/g1_manipulation/share/g1_manipulation/local_setup.sh
[4.123s] -- Installing: /home/yhs/ros2_ws/install/g1_manipulation/share/g1_manipulation/local_setup.zsh
[4.123s] -- Installing: /home/yhs/ros2_ws/install/g1_manipulation/share/g1_manipulation/local_setup.dsv
[4.123s] -- Installing: /home/yhs/ros2_ws/install/g1_manipulation/share/g1_manipulation/package.dsv
[4.123s] -- Installing: /home/yhs/ros2_ws/install/g1_manipulation/share/ament_index/resource_index/packages/g1_manipulation
[4.123s] -- Installing: /home/yhs/ros2_ws/install/g1_manipulation/share/g1_manipulation/cmake/g1_manipulationConfig.cmake
[4.123s] -- Installing: /home/yhs/ros2_ws/install/g1_manipulation/share/g1_manipulation/cmake/g1_manipulationConfig-version.cmake
[4.123s] -- Installing: /home/yhs/ros2_ws/install/g1_manipulation/share/g1_manipulation/package.xml
[4.125s] Invoked command in '/home/yhs/ros2_ws/build/g1_manipulation' returned '0': CMAKE_PREFIX_PATH=${CMAKE_PREFIX_PATH}:/opt/ros/jazzy DEBUGINFOD_URLS=https://debuginfod.ubuntu.com /usr/bin/cmake --install /home/yhs/ros2_ws/build/g1_manipulation
