[0.099s] DEBUG:colcon:Command line arguments: ['/usr/bin/colcon', 'build']
[0.099s] DEBUG:colcon:Parsed command line arguments: Namespace(log_base=None, log_level=None, verb_name='build', build_base='build', install_base='install', merge_install=False, symlink_install=False, test_result_base=None, continue_on_error=False, executor='parallel', parallel_workers=4, event_handlers=None, ignore_user_meta=False, metas=['./colcon.meta'], base_paths=['.'], packages_ignore=None, packages_ignore_regex=None, paths=None, packages_up_to=None, packages_up_to_regex=None, packages_above=None, packages_above_and_dependencies=None, packages_above_depth=None, packages_select_by_dep=None, packages_skip_by_dep=None, packages_skip_up_to=None, packages_select_build_failed=False, packages_skip_build_finished=False, packages_select_test_failures=False, packages_skip_test_passed=False, packages_select=None, packages_skip=None, packages_select_regex=None, packages_skip_regex=None, packages_start=None, packages_end=None, allow_overriding=[], cmake_args=None, cmake_target=None, cmake_target_skip_unavailable=False, cmake_clean_cache=False, cmake_clean_first=False, cmake_force_configure=False, ament_cmake_args=None, catkin_cmake_args=None, catkin_skip_building_tests=False, mixin_files=None, mixin=None, verb_parser=<colcon_mixin.mixin.mixin_argument.MixinArgumentDecorator object at 0xe0a0d91c8d10>, verb_extension=<colcon_core.verb.build.BuildVerb object at 0xe0a0d9d0bf50>, main=<bound method BuildVerb.main of <colcon_core.verb.build.BuildVerb object at 0xe0a0d9d0bf50>>, mixin_verb=('build',))
[0.131s] Level 1:colcon.colcon_core.package_discovery:discover_packages(colcon_meta) check parameters
[0.131s] Level 1:colcon.colcon_core.package_discovery:discover_packages(recursive) check parameters
[0.131s] Level 1:colcon.colcon_core.package_discovery:discover_packages(ignore) check parameters
[0.131s] Level 1:colcon.colcon_core.package_discovery:discover_packages(path) check parameters
[0.131s] Level 1:colcon.colcon_core.package_discovery:discover_packages(colcon_meta) discover
[0.131s] Level 1:colcon.colcon_core.package_discovery:discover_packages(recursive) discover
[0.131s] INFO:colcon.colcon_core.package_discovery:Crawling recursively for packages in '/home/yhs/ros2_ws'
[0.132s] Level 1:colcon.colcon_core.package_identification:_identify(.) by extensions ['ignore', 'ignore_ament_install']
[0.132s] Level 1:colcon.colcon_core.package_identification:_identify(.) by extension 'ignore'
[0.132s] Level 1:colcon.colcon_core.package_identification:_identify(.) by extension 'ignore_ament_install'
[0.132s] Level 1:colcon.colcon_core.package_identification:_identify(.) by extensions ['colcon_pkg']
[0.132s] Level 1:colcon.colcon_core.package_identification:_identify(.) by extension 'colcon_pkg'
[0.132s] Level 1:colcon.colcon_core.package_identification:_identify(.) by extensions ['colcon_meta']
[0.132s] Level 1:colcon.colcon_core.package_identification:_identify(.) by extension 'colcon_meta'
[0.132s] Level 1:colcon.colcon_core.package_identification:_identify(.) by extensions ['ros']
[0.132s] Level 1:colcon.colcon_core.package_identification:_identify(.) by extension 'ros'
[0.151s] Level 1:colcon.colcon_core.package_identification:_identify(.) by extensions ['cmake', 'python']
[0.151s] Level 1:colcon.colcon_core.package_identification:_identify(.) by extension 'cmake'
[0.151s] Level 1:colcon.colcon_core.package_identification:_identify(.) by extension 'python'
[0.151s] Level 1:colcon.colcon_core.package_identification:_identify(.) by extensions ['python_setup_py']
[0.151s] Level 1:colcon.colcon_core.package_identification:_identify(.) by extension 'python_setup_py'
[0.151s] Level 1:colcon.colcon_core.package_identification:_identify(build) by extensions ['ignore', 'ignore_ament_install']
[0.151s] Level 1:colcon.colcon_core.package_identification:_identify(build) by extension 'ignore'
[0.151s] Level 1:colcon.colcon_core.package_identification:_identify(build) ignored
[0.151s] Level 1:colcon.colcon_core.package_identification:_identify(install) by extensions ['ignore', 'ignore_ament_install']
[0.151s] Level 1:colcon.colcon_core.package_identification:_identify(install) by extension 'ignore'
[0.151s] Level 1:colcon.colcon_core.package_identification:_identify(install) ignored
[0.151s] Level 1:colcon.colcon_core.package_identification:_identify(log) by extensions ['ignore', 'ignore_ament_install']
[0.151s] Level 1:colcon.colcon_core.package_identification:_identify(log) by extension 'ignore'
[0.151s] Level 1:colcon.colcon_core.package_identification:_identify(log) ignored
[0.151s] Level 1:colcon.colcon_core.package_identification:_identify(src) by extensions ['ignore', 'ignore_ament_install']
[0.151s] Level 1:colcon.colcon_core.package_identification:_identify(src) by extension 'ignore'
[0.151s] Level 1:colcon.colcon_core.package_identification:_identify(src) by extension 'ignore_ament_install'
[0.151s] Level 1:colcon.colcon_core.package_identification:_identify(src) by extensions ['colcon_pkg']
[0.151s] Level 1:colcon.colcon_core.package_identification:_identify(src) by extension 'colcon_pkg'
[0.151s] Level 1:colcon.colcon_core.package_identification:_identify(src) by extensions ['colcon_meta']
[0.151s] Level 1:colcon.colcon_core.package_identification:_identify(src) by extension 'colcon_meta'
[0.151s] Level 1:colcon.colcon_core.package_identification:_identify(src) by extensions ['ros']
[0.151s] Level 1:colcon.colcon_core.package_identification:_identify(src) by extension 'ros'
[0.151s] Level 1:colcon.colcon_core.package_identification:_identify(src) by extensions ['cmake', 'python']
[0.151s] Level 1:colcon.colcon_core.package_identification:_identify(src) by extension 'cmake'
[0.151s] Level 1:colcon.colcon_core.package_identification:_identify(src) by extension 'python'
[0.151s] Level 1:colcon.colcon_core.package_identification:_identify(src) by extensions ['python_setup_py']
[0.151s] Level 1:colcon.colcon_core.package_identification:_identify(src) by extension 'python_setup_py'
[0.151s] Level 1:colcon.colcon_core.package_identification:_identify(src/g1_manipulation) by extensions ['ignore', 'ignore_ament_install']
[0.151s] Level 1:colcon.colcon_core.package_identification:_identify(src/g1_manipulation) by extension 'ignore'
[0.151s] Level 1:colcon.colcon_core.package_identification:_identify(src/g1_manipulation) by extension 'ignore_ament_install'
[0.151s] Level 1:colcon.colcon_core.package_identification:_identify(src/g1_manipulation) by extensions ['colcon_pkg']
[0.151s] Level 1:colcon.colcon_core.package_identification:_identify(src/g1_manipulation) by extension 'colcon_pkg'
[0.152s] Level 1:colcon.colcon_core.package_identification:_identify(src/g1_manipulation) by extensions ['colcon_meta']
[0.152s] Level 1:colcon.colcon_core.package_identification:_identify(src/g1_manipulation) by extension 'colcon_meta'
[0.152s] Level 1:colcon.colcon_core.package_identification:_identify(src/g1_manipulation) by extensions ['ros']
[0.152s] Level 1:colcon.colcon_core.package_identification:_identify(src/g1_manipulation) by extension 'ros'
[0.154s] DEBUG:colcon.colcon_core.package_identification:Package 'src/g1_manipulation' with type 'ros.ament_cmake' and name 'g1_manipulation'
[0.154s] Level 1:colcon.colcon_core.package_discovery:discover_packages(recursive) using defaults
[0.154s] Level 1:colcon.colcon_core.package_discovery:discover_packages(ignore) discover
[0.154s] Level 1:colcon.colcon_core.package_discovery:discover_packages(ignore) using defaults
[0.154s] Level 1:colcon.colcon_core.package_discovery:discover_packages(path) discover
[0.154s] Level 1:colcon.colcon_core.package_discovery:discover_packages(path) using defaults
[0.167s] Level 1:colcon.colcon_core.package_discovery:discover_packages(prefix_path) check parameters
[0.167s] Level 1:colcon.colcon_core.package_discovery:discover_packages(prefix_path) discover
[0.169s] DEBUG:colcon.colcon_installed_package_information.package_discovery:Found 287 installed packages in /opt/ros/jazzy
[0.170s] Level 1:colcon.colcon_core.package_discovery:discover_packages(prefix_path) using defaults
[0.193s] Level 5:colcon.colcon_core.verb:set package 'g1_manipulation' build argument 'cmake_args' from command line to 'None'
[0.193s] Level 5:colcon.colcon_core.verb:set package 'g1_manipulation' build argument 'cmake_target' from command line to 'None'
[0.193s] Level 5:colcon.colcon_core.verb:set package 'g1_manipulation' build argument 'cmake_target_skip_unavailable' from command line to 'False'
[0.193s] Level 5:colcon.colcon_core.verb:set package 'g1_manipulation' build argument 'cmake_clean_cache' from command line to 'False'
[0.193s] Level 5:colcon.colcon_core.verb:set package 'g1_manipulation' build argument 'cmake_clean_first' from command line to 'False'
[0.193s] Level 5:colcon.colcon_core.verb:set package 'g1_manipulation' build argument 'cmake_force_configure' from command line to 'False'
[0.193s] Level 5:colcon.colcon_core.verb:set package 'g1_manipulation' build argument 'ament_cmake_args' from command line to 'None'
[0.193s] Level 5:colcon.colcon_core.verb:set package 'g1_manipulation' build argument 'catkin_cmake_args' from command line to 'None'
[0.193s] Level 5:colcon.colcon_core.verb:set package 'g1_manipulation' build argument 'catkin_skip_building_tests' from command line to 'False'
[0.193s] DEBUG:colcon.colcon_core.verb:Building package 'g1_manipulation' with the following arguments: {'ament_cmake_args': None, 'build_base': '/home/yhs/ros2_ws/build/g1_manipulation', 'catkin_cmake_args': None, 'catkin_skip_building_tests': False, 'cmake_args': None, 'cmake_clean_cache': False, 'cmake_clean_first': False, 'cmake_force_configure': False, 'cmake_target': None, 'cmake_target_skip_unavailable': False, 'install_base': '/home/yhs/ros2_ws/install/g1_manipulation', 'merge_install': False, 'path': '/home/yhs/ros2_ws/src/g1_manipulation', 'symlink_install': False, 'test_result_base': None}
[0.193s] INFO:colcon.colcon_core.executor:Executing jobs using 'parallel' executor
[0.194s] DEBUG:colcon.colcon_parallel_executor.executor.parallel:run_until_complete
[0.194s] INFO:colcon.colcon_ros.task.ament_cmake.build:Building ROS package in '/home/yhs/ros2_ws/src/g1_manipulation' with build type 'ament_cmake'
[0.194s] INFO:colcon.colcon_cmake.task.cmake.build:Building CMake package in '/home/yhs/ros2_ws/src/g1_manipulation'
[0.197s] INFO:colcon.colcon_core.plugin_system:Skipping extension 'colcon_core.shell.bat': Not used on non-Windows systems
[0.198s] INFO:colcon.colcon_core.shell:Skip shell extension 'powershell' for command environment: Not usable outside of PowerShell
[0.198s] DEBUG:colcon.colcon_core.shell:Skip shell extension 'dsv' for command environment
[0.201s] DEBUG:colcon.colcon_core.event_handler.log_command:Invoking command in '/home/yhs/ros2_ws/build/g1_manipulation': CMAKE_PREFIX_PATH=${CMAKE_PREFIX_PATH}:/opt/ros/jazzy DEBUGINFOD_URLS=https://debuginfod.ubuntu.com /usr/bin/cmake /home/yhs/ros2_ws/src/g1_manipulation -DCMAKE_INSTALL_PREFIX=/home/yhs/ros2_ws/install/g1_manipulation
[1.206s] DEBUG:colcon.colcon_core.event_handler.log_command:Invoked command in '/home/yhs/ros2_ws/build/g1_manipulation' returned '0': CMAKE_PREFIX_PATH=${CMAKE_PREFIX_PATH}:/opt/ros/jazzy DEBUGINFOD_URLS=https://debuginfod.ubuntu.com /usr/bin/cmake /home/yhs/ros2_ws/src/g1_manipulation -DCMAKE_INSTALL_PREFIX=/home/yhs/ros2_ws/install/g1_manipulation
[1.207s] DEBUG:colcon.colcon_core.event_handler.log_command:Invoking command in '/home/yhs/ros2_ws/build/g1_manipulation': CMAKE_PREFIX_PATH=${CMAKE_PREFIX_PATH}:/opt/ros/jazzy DEBUGINFOD_URLS=https://debuginfod.ubuntu.com /usr/bin/cmake --build /home/yhs/ros2_ws/build/g1_manipulation -- -j4 -l4
[4.202s] DEBUG:colcon.colcon_core.event_handler.log_command:Invoked command in '/home/yhs/ros2_ws/build/g1_manipulation' returned '0': CMAKE_PREFIX_PATH=${CMAKE_PREFIX_PATH}:/opt/ros/jazzy DEBUGINFOD_URLS=https://debuginfod.ubuntu.com /usr/bin/cmake --build /home/yhs/ros2_ws/build/g1_manipulation -- -j4 -l4
[4.208s] DEBUG:colcon.colcon_core.event_handler.log_command:Invoking command in '/home/yhs/ros2_ws/build/g1_manipulation': CMAKE_PREFIX_PATH=${CMAKE_PREFIX_PATH}:/opt/ros/jazzy DEBUGINFOD_URLS=https://debuginfod.ubuntu.com /usr/bin/cmake --install /home/yhs/ros2_ws/build/g1_manipulation
[4.319s] Level 1:colcon.colcon_core.environment:create_environment_scripts_only(g1_manipulation)
[4.319s] DEBUG:colcon.colcon_core.event_handler.log_command:Invoked command in '/home/yhs/ros2_ws/build/g1_manipulation' returned '0': CMAKE_PREFIX_PATH=${CMAKE_PREFIX_PATH}:/opt/ros/jazzy DEBUGINFOD_URLS=https://debuginfod.ubuntu.com /usr/bin/cmake --install /home/yhs/ros2_ws/build/g1_manipulation
[4.323s] Level 1:colcon.colcon_core.environment:checking '/home/yhs/ros2_ws/install/g1_manipulation' for CMake module files
[4.323s] Level 1:colcon.colcon_core.environment:checking '/home/yhs/ros2_ws/install/g1_manipulation' for CMake config files
[4.323s] Level 1:colcon.colcon_core.shell:create_environment_hook('g1_manipulation', 'cmake_prefix_path')
[4.324s] INFO:colcon.colcon_core.shell:Creating environment hook '/home/yhs/ros2_ws/install/g1_manipulation/share/g1_manipulation/hook/cmake_prefix_path.ps1'
[4.324s] INFO:colcon.colcon_core.shell:Creating environment descriptor '/home/yhs/ros2_ws/install/g1_manipulation/share/g1_manipulation/hook/cmake_prefix_path.dsv'
[4.325s] INFO:colcon.colcon_core.shell:Creating environment hook '/home/yhs/ros2_ws/install/g1_manipulation/share/g1_manipulation/hook/cmake_prefix_path.sh'
[4.325s] Level 1:colcon.colcon_core.environment:checking '/home/yhs/ros2_ws/install/g1_manipulation/lib'
[4.326s] Level 1:colcon.colcon_core.environment:checking '/home/yhs/ros2_ws/install/g1_manipulation/bin'
[4.326s] Level 1:colcon.colcon_core.environment:checking '/home/yhs/ros2_ws/install/g1_manipulation/lib/pkgconfig/g1_manipulation.pc'
[4.326s] Level 1:colcon.colcon_core.environment:checking '/home/yhs/ros2_ws/install/g1_manipulation/lib/python3.12/site-packages'
[4.326s] Level 1:colcon.colcon_core.shell:create_environment_hook('g1_manipulation', 'pythonpath')
[4.326s] INFO:colcon.colcon_core.shell:Creating environment hook '/home/yhs/ros2_ws/install/g1_manipulation/share/g1_manipulation/hook/pythonpath.ps1'
[4.326s] INFO:colcon.colcon_core.shell:Creating environment descriptor '/home/yhs/ros2_ws/install/g1_manipulation/share/g1_manipulation/hook/pythonpath.dsv'
[4.326s] INFO:colcon.colcon_core.shell:Creating environment hook '/home/yhs/ros2_ws/install/g1_manipulation/share/g1_manipulation/hook/pythonpath.sh'
[4.327s] Level 1:colcon.colcon_core.environment:checking '/home/yhs/ros2_ws/install/g1_manipulation/bin'
[4.327s] INFO:colcon.colcon_core.shell:Creating package script '/home/yhs/ros2_ws/install/g1_manipulation/share/g1_manipulation/package.ps1'
[4.327s] INFO:colcon.colcon_core.shell:Creating package descriptor '/home/yhs/ros2_ws/install/g1_manipulation/share/g1_manipulation/package.dsv'
[4.328s] INFO:colcon.colcon_core.shell:Creating package script '/home/yhs/ros2_ws/install/g1_manipulation/share/g1_manipulation/package.sh'
[4.329s] INFO:colcon.colcon_core.shell:Creating package script '/home/yhs/ros2_ws/install/g1_manipulation/share/g1_manipulation/package.bash'
[4.329s] INFO:colcon.colcon_core.shell:Creating package script '/home/yhs/ros2_ws/install/g1_manipulation/share/g1_manipulation/package.zsh'
[4.330s] Level 1:colcon.colcon_core.environment:create_file_with_runtime_dependencies(/home/yhs/ros2_ws/install/g1_manipulation/share/colcon-core/packages/g1_manipulation)
[4.330s] Level 1:colcon.colcon_core.environment:create_environment_scripts_only(g1_manipulation)
[4.330s] Level 1:colcon.colcon_core.environment:checking '/home/yhs/ros2_ws/install/g1_manipulation' for CMake module files
[4.331s] Level 1:colcon.colcon_core.environment:checking '/home/yhs/ros2_ws/install/g1_manipulation' for CMake config files
[4.331s] Level 1:colcon.colcon_core.shell:create_environment_hook('g1_manipulation', 'cmake_prefix_path')
[4.331s] INFO:colcon.colcon_core.shell:Creating environment hook '/home/yhs/ros2_ws/install/g1_manipulation/share/g1_manipulation/hook/cmake_prefix_path.ps1'
[4.331s] INFO:colcon.colcon_core.shell:Creating environment descriptor '/home/yhs/ros2_ws/install/g1_manipulation/share/g1_manipulation/hook/cmake_prefix_path.dsv'
[4.331s] INFO:colcon.colcon_core.shell:Creating environment hook '/home/yhs/ros2_ws/install/g1_manipulation/share/g1_manipulation/hook/cmake_prefix_path.sh'
[4.331s] Level 1:colcon.colcon_core.environment:checking '/home/yhs/ros2_ws/install/g1_manipulation/lib'
[4.331s] Level 1:colcon.colcon_core.environment:checking '/home/yhs/ros2_ws/install/g1_manipulation/bin'
[4.331s] Level 1:colcon.colcon_core.environment:checking '/home/yhs/ros2_ws/install/g1_manipulation/lib/pkgconfig/g1_manipulation.pc'
[4.332s] Level 1:colcon.colcon_core.environment:checking '/home/yhs/ros2_ws/install/g1_manipulation/lib/python3.12/site-packages'
[4.332s] Level 1:colcon.colcon_core.shell:create_environment_hook('g1_manipulation', 'pythonpath')
[4.332s] INFO:colcon.colcon_core.shell:Creating environment hook '/home/yhs/ros2_ws/install/g1_manipulation/share/g1_manipulation/hook/pythonpath.ps1'
[4.332s] INFO:colcon.colcon_core.shell:Creating environment descriptor '/home/yhs/ros2_ws/install/g1_manipulation/share/g1_manipulation/hook/pythonpath.dsv'
[4.332s] INFO:colcon.colcon_core.shell:Creating environment hook '/home/yhs/ros2_ws/install/g1_manipulation/share/g1_manipulation/hook/pythonpath.sh'
[4.332s] Level 1:colcon.colcon_core.environment:checking '/home/yhs/ros2_ws/install/g1_manipulation/bin'
[4.332s] INFO:colcon.colcon_core.shell:Creating package script '/home/yhs/ros2_ws/install/g1_manipulation/share/g1_manipulation/package.ps1'
[4.333s] INFO:colcon.colcon_core.shell:Creating package descriptor '/home/yhs/ros2_ws/install/g1_manipulation/share/g1_manipulation/package.dsv'
[4.333s] INFO:colcon.colcon_core.shell:Creating package script '/home/yhs/ros2_ws/install/g1_manipulation/share/g1_manipulation/package.sh'
[4.333s] INFO:colcon.colcon_core.shell:Creating package script '/home/yhs/ros2_ws/install/g1_manipulation/share/g1_manipulation/package.bash'
[4.334s] INFO:colcon.colcon_core.shell:Creating package script '/home/yhs/ros2_ws/install/g1_manipulation/share/g1_manipulation/package.zsh'
[4.334s] Level 1:colcon.colcon_core.environment:create_file_with_runtime_dependencies(/home/yhs/ros2_ws/install/g1_manipulation/share/colcon-core/packages/g1_manipulation)
[4.334s] DEBUG:colcon.colcon_parallel_executor.executor.parallel:closing loop
[4.334s] DEBUG:colcon.colcon_parallel_executor.executor.parallel:loop closed
[4.334s] DEBUG:colcon.colcon_parallel_executor.executor.parallel:run_until_complete finished with '0'
[4.334s] DEBUG:colcon.colcon_core.event_reactor:joining thread
[4.339s] INFO:colcon.colcon_core.plugin_system:Skipping extension 'colcon_notification.desktop_notification.terminal_notifier': Not used on non-Darwin systems
[4.339s] INFO:colcon.colcon_core.plugin_system:Skipping extension 'colcon_notification.desktop_notification.win32': Not used on non-Windows systems
[4.339s] INFO:colcon.colcon_notification.desktop_notification:Sending desktop notification using 'notify2'
[4.360s] DEBUG:colcon.colcon_core.event_reactor:joined thread
[4.360s] INFO:colcon.colcon_core.shell:Creating prefix script '/home/yhs/ros2_ws/install/local_setup.ps1'
[4.361s] INFO:colcon.colcon_core.shell:Creating prefix util module '/home/yhs/ros2_ws/install/_local_setup_util_ps1.py'
[4.362s] INFO:colcon.colcon_core.shell:Creating prefix chain script '/home/yhs/ros2_ws/install/setup.ps1'
[4.363s] INFO:colcon.colcon_core.shell:Creating prefix script '/home/yhs/ros2_ws/install/local_setup.sh'
[4.364s] INFO:colcon.colcon_core.shell:Creating prefix util module '/home/yhs/ros2_ws/install/_local_setup_util_sh.py'
[4.364s] INFO:colcon.colcon_core.shell:Creating prefix chain script '/home/yhs/ros2_ws/install/setup.sh'
[4.365s] INFO:colcon.colcon_core.shell:Creating prefix script '/home/yhs/ros2_ws/install/local_setup.bash'
[4.366s] INFO:colcon.colcon_core.shell:Creating prefix chain script '/home/yhs/ros2_ws/install/setup.bash'
[4.367s] INFO:colcon.colcon_core.shell:Creating prefix script '/home/yhs/ros2_ws/install/local_setup.zsh'
[4.367s] INFO:colcon.colcon_core.shell:Creating prefix chain script '/home/yhs/ros2_ws/install/setup.zsh'
